Vercel CLI 54.21.1 (Node.js 20.20.2)
> NOTE: The Vercel CLI now collects telemetry regarding usage of the CLI.
> This information is used to shape the CLI roadmap and prioritize features.
> You can learn more, including how to opt-out if you'd not like to participate in this program, by visiting the following URL:
> https://vercel.com/docs/cli/about-telemetry

  Directory       ~/work/a-campus-tutoring-marketplace-post-a-lis-wuy39/a-campus-tutoring-marketplace-post-a-lis-wuy39/a-campus-tutoring-marketplace-post-a-lis-wuy39

Loading user…
Loading team…
Searching for existing projects…

✓ Linked          projecttattva1-4009s-projects/a-campus-tutoring-marketplace-post-a-lis-wuy39
Deploying projecttattva1-4009s-projects/a-campus-tutoring-marketplace-post-a-lis-wuy39
Uploading [--------------------] (0.0B/3.1KB)
Uploading [=======-------------] (1.2KB/3.1KB)
Uploading [====================] (3.1KB/3.1KB)
  Inspect         https://vercel.com/projecttattva1-4009s-projects/a-campus-tutoring-marketplace-post-a-lis-wuy39/2a72pojLVmRk69k5JCNs5h8ne7ym
  Production      https://a-campus-tutoring-marketplace-post-a-lis-wuy39-emsl6w90c.vercel.app
https://a-campus-tutoring-marketplace-post-a-lis-wuy39-emsl6w90c.vercel.appBuilding…
Building…
Running build in Washington, D.C., USA (East) – iad1
Build machine configuration: 2 cores, 8 GB
Retrieving list of deployment files...
Previous build caches not available.
Downloading 20 deployment files...
Running "vercel build"
Vercel CLI 54.19.0
Installing dependencies...
added 348 packages in 11s
143 packages are looking for funding
run `npm fund` for details
Detected Next.js version: 16.2.10
Running "npm run build"
> a-campus-tutoring-marketplace-post-a-lis-wuy39@0.1.0 build
> next build
Applying modifyConfig from Vercel
Attention: Next.js now collects completely anonymous telemetry regarding usage.
This information is used to shape Next.js' roadmap and prioritize features.
You can learn more, including how to opt-out if you'd not like to participate in this anonymous program, by visiting the following URL:
https://nextjs.org/telemetry
▲ Next.js 16.2.10 (Turbopack)
Creating an optimized production build ...
Error: Command "npm run build" exited with 1
deploy failed
